dbt-fusion 2.0.0-preview.34
   Loading ~/.dbt/profiles.yml
error: dbt1060: Ignored unexpected key `"freshness"`. YAML path: `freshness`.
  --> sources.yml:8:5
error: dbt1060: Ignored unexpected key `"loaded_at_field"`. YAML path: `loaded_at_field`.
  --> sources.yml:53:9
error: dbt0102: Deprecated test arguments: ["field", "to"] at top-level detected. Please migrate to the new format under the 'arguments' field: https://docs.getdbt.com/reference/deprecations#missingargumentspropertyingenerictestdeprecation.
  --> sources.yml:71:26
error: dbt0102: Deprecated test arguments: ["field", "to"] at top-level detected. Please migrate to the new format under the 'arguments' field: https://docs.getdbt.com/reference/deprecations#missingargumentspropertyingenerictestdeprecation.
  --> sources.yml:64:26
error: dbt1060: Ignored unexpected key `"freshness"`. YAML path: `freshness`.
  --> sources.yml:8:5
error: dbt1060: Ignored unexpected key `"loaded_at_field"`. YAML path: `loaded_at_field`.
  --> sources.yml:84:9
error: dbt1060: Ignored unexpected key `"freshness"`. YAML path: `freshness`.
  --> sources.yml:8:5
error: dbt1060: Ignored unexpected key `"loaded_at_field"`. YAML path: `loaded_at_field`.
  --> sources.yml:40:9
error: dbt1060: Ignored unexpected key `"freshness"`. YAML path: `freshness`.
  --> sources.yml:8:5
error: dbt1060: Ignored unexpected key `"loaded_at_field"`. YAML path: `loaded_at_field`.
  --> sources.yml:74:9
error: dbt1060: Ignored unexpected key `"freshness"`. YAML path: `freshness`.
  --> sources.yml:8:5
error: dbt1060: Ignored unexpected key `"loaded_at_field"`. YAML path: `loaded_at_field`.
  --> sources.yml:16:9
error: dbt0102: Deprecated test arguments: ["values"] at top-level detected. Please migrate to the new format under the 'arguments' field: https://docs.getdbt.com/reference/deprecations#missingargumentspropertyingenerictestdeprecation.
  --> sources.yml:34:27
suggestion: Run 'dbt deps' to see the latest fusion compatible packages. For compatibility errors, try the autofix script: https://github.com/dbt-labs/dbt-autofix
  Finished 'run' target 'dev' with 13 errors in 323ms
New version available 2.0.0-preview.83 (run `dbt system update`)
